============================= test session starts =============================
platform win32 -- Python 3.9.5, pytest-8.4.2, pluggy-1.6.0 -- C:\Users\Kim\AppData\Local\Programs\Python\Python39\python.exe
cachedir: .pytest_cache
rootdir: C:\Users\Kim\OneDrive\¹®¼­\OSSVerify
plugins: anyio-4.12.1
collecting ... collected 58 items

tests/test_api.py::test_analyze_returns_job_id PASSED                    [  1%]
tests/test_api.py::test_analyze_status_pending PASSED                    [  3%]
tests/test_api.py::test_analyze_status_not_found PASSED                  [  5%]
tests/test_api.py::test_profile_not_found PASSED                         [  6%]
tests/test_api.py::test_profile_found_after_injection PASSED             [  8%]
tests/test_api.py::test_credential_issue_no_profile PASSED               [ 10%]
tests/test_api.py::test_credential_issue_success PASSED                  [ 12%]
tests/test_api.py::test_credential_verify_not_found PASSED               [ 13%]
tests/test_api.py::test_credential_verify_by_id PASSED                   [ 15%]
tests/test_api.py::test_credential_verify_external_document PASSED       [ 17%]
tests/test_api.py::test_credential_verify_external_tampered PASSED       [ 18%]
tests/test_api.py::test_full_flow PASSED                                 [ 20%]
tests/test_bot_filter.py::test_known_bots_all_detected PASSED            [ 22%]
tests/test_bot_filter.py::test_bot_suffix_pattern PASSED                 [ 24%]
tests/test_bot_filter.py::test_dependabot_variants PASSED                [ 25%]
tests/test_bot_filter.py::test_real_users_not_bot PASSED                 [ 27%]
tests/test_bot_filter.py::test_empty_string_not_bot PASSED               [ 29%]
tests/test_bot_filter.py::test_substring_not_enough PASSED               [ 31%]
tests/test_crypto.py::test_b58_roundtrip_simple PASSED                   [ 32%]
tests/test_crypto.py::test_b58_roundtrip_32_bytes PASSED                 [ 34%]
tests/test_crypto.py::test_b58_roundtrip_leading_zeros PASSED            [ 36%]
tests/test_crypto.py::test_b58_roundtrip_all_zeros PASSED                [ 37%]
tests/test_crypto.py::test_b58_roundtrip_ed25519_multicodec PASSED       [ 39%]
tests/test_crypto.py::test_decode_did_key_matches_issuer_public_key PASSED [ 41%]
tests/test_crypto.py::test_decode_did_key_different_instances_differ PASSED [ 43%]
tests/test_crypto.py::test_decode_did_key_invalid_method PASSED          [ 44%]
tests/test_crypto.py::test_decode_did_key_missing_prefix PASSED          [ 46%]
tests/test_crypto.py::test_decode_did_key_wrong_multicodec PASSED        [ 48%]
tests/test_influence.py::test_weighted_sum_equal_weights PASSED          [ 50%]
tests/test_influence.py::test_weighted_sum_normalizes_over_1 PASSED      [ 51%]
tests/test_influence.py::test_weighted_sum_single_term PASSED            [ 53%]
tests/test_influence.py::test_weighted_sum_empty PASSED                  [ 55%]
tests/test_influence.py::test_weighted_sum_zero_weight PASSED            [ 56%]
tests/test_influence.py::test_contributor_score_with_review PASSED       [ 58%]
tests/test_influence.py::test_contributor_score_null_review_uniform_equal PASSED [ 60%]
tests/test_influence.py::test_contributor_score_null_review_raises_low_review PASSED [ 62%]
tests/test_influence.py::test_contributor_score_perfect PASSED           [ 63%]
tests/test_influence.py::test_contributor_score_zero PASSED              [ 65%]
tests/test_influence.py::test_maintainer_score_with_review PASSED        [ 67%]
tests/test_influence.py::test_maintainer_score_null_review PASSED        [ 68%]
tests/test_influence.py::test_maintainer_score_null_review_uniform_equal PASSED [ 70%]
tests/test_influence.py::test_final_influence_contributor_only PASSED    [ 72%]
tests/test_influence.py::test_final_influence_maintainer_only PASSED     [ 74%]
tests/test_influence.py::test_final_influence_mixed PASSED               [ 75%]
tests/test_vc.py::test_issue_returns_credential PASSED                   [ 77%]
tests/test_vc.py::test_issue_no_blockchain_tx PASSED                     [ 79%]
tests/test_vc.py::test_issue_payload_has_disclaimer PASSED               [ 81%]
tests/test_vc.py::test_issue_payload_has_evaluation_basis PASSED         [ 82%]
tests/test_vc.py::test_issue_proof_type PASSED                           [ 84%]
tests/test_vc.py::test_internal_verify_valid PASSED                      [ 86%]
tests/test_vc.py::test_internal_verify_not_found PASSED                  [ 87%]
tests/test_vc.py::test_internal_verify_credential_subject PASSED         [ 89%]
tests/test_vc.py::test_external_verify_valid PASSED                      [ 91%]
tests/test_vc.py::test_external_verify_cross_instance PASSED             [ 93%]
tests/test_vc.py::test_tamper_score_detected PASSED                      [ 94%]
tests/test_vc.py::test_tamper_domain_detected PASSED                     [ 96%]
tests/test_vc.py::test_tamper_issuer_field_detected PASSED               [ 98%]
tests/test_vc.py::test_key_mismatch_detected PASSED                      [100%]

============================= 58 passed in 35.73s =============================
